Using pre-set license
Built from '2021.1/staging' branch; Version is '2021.1.2f1 (e5d502d80fbb) revision 15062274'; Using compiler version '192528614'; Build Type 'Release'
OS: 'Windows 10 Home; OS build 19042.1237; Version 2009; 64bit' Language: 'en' Physical Memory: 16152 MB
BatchMode: 1, IsHumanControllingUs: 0, StartBugReporterOnCrash: 0, Is64bit: 1, IsPro: 0

 COMMAND LINE ARGUMENTS:
C:\Program Files\Unity\Hub\Editor\2021.1.2f1\Editor\Unity.exe
-adb2
-batchMode
-noUpm
-name
AssetImportWorker0
-projectPath
C:/Users/robin/Documents/Artez/Design by information/enumber-treegenerator-repository/enumber-treegenerator-project
-logFile
Logs/AssetImportWorker0.log
-srvPort
56690
Successfully changed project path to: C:/Users/robin/Documents/Artez/Design by information/enumber-treegenerator-repository/enumber-treegenerator-project
C:/Users/robin/Documents/Artez/Design by information/enumber-treegenerator-repository/enumber-treegenerator-project
Using Asset Import Pipeline V2.
Refreshing native plugins compatible for Editor in 120.03 ms, found 1 plugins.
Preloading 0 native plugins for Editor in 0.00 ms.
Initialize engine version: 2021.1.2f1 (e5d502d80fbb)
[Subsystems] Discovering subsystems at path C:/Program Files/Unity/Hub/Editor/2021.1.2f1/Editor/Data/Resources/UnitySubsystems
[Subsystems] Discovering subsystems at path C:/Users/robin/Documents/Artez/Design by information/enumber-treegenerator-repository/enumber-treegenerator-project/Assets
GfxDevice: creating device client; threaded=0; jobified=0
Direct3D:
    Version:  Direct3D 11.0 [level 11.1]
    Renderer: NVIDIA GeForce RTX 3070 Laptop GPU (ID=0x24dd)
    Vendor:   NVIDIA
    VRAM:     8044 MB
    Driver:   27.21.14.6280
Initialize mono
Mono path[0] = 'C:/Program Files/Unity/Hub/Editor/2021.1.2f1/Editor/Data/Managed'
Mono path[1] = 'C:/Program Files/Unity/Hub/Editor/2021.1.2f1/Editor/Data/MonoBleedingEdge/lib/mono/unityjit'
Mono config path = 'C:/Program Files/Unity/Hub/Editor/2021.1.2f1/Editor/Data/MonoBleedingEdge/etc'
Using monoOptions --debugger-agent=transport=dt_socket,embedding=1,server=y,suspend=n,address=127.0.0.1:56928
Begin MonoManager ReloadAssembly
Registering precompiled unity dll's ...
Register platform support module: C:/Program Files/Unity/Hub/Editor/2021.1.2f1/Editor/Data/PlaybackEngines/WindowsStandaloneSupport/UnityEditor.WindowsStandalone.Extensions.dll
Registered in 0.003798 seconds.
Native extension for WindowsStandalone target not found
Refreshing native plugins compatible for Editor in 119.43 ms, found 1 plugins.
Preloading 0 native plugins for Editor in 0.00 ms.
Mono: successfully reloaded assembly
- Completed reload, in  2.607 seconds
Platform modules already initialized, skipping
Registering precompiled user dll's ...
Registered in 0.008187 seconds.
Begin MonoManager ReloadAssembly
Native extension for WindowsStandalone target not found
Refreshing native plugins compatible for Editor in 0.62 ms, found 1 plugins.
Preloading 0 native plugins for Editor in 0.00 ms.
Mono: successfully reloaded assembly
- Completed reload, in  1.506 seconds
Platform modules already initialized, skipping
========================================================================
Worker process is ready to serve import requests
Launched and connected shader compiler UnityShaderCompiler.exe after 0.06 seconds
Refreshing native plugins compatible for Editor in 0.53 ms, found 1 plugins.
Preloading 0 native plugins for Editor in 0.00 ms.
Unloading 2685 Unused Serialized files (Serialized files now loaded: 0)
System memory in use before: 101.8 MB.
System memory in use after: 102.0 MB.

Unloading 15 unused Assets to reduce memory usage. Loaded Objects now: 3139.
Total: 2.616400 ms (FindLiveObjects: 0.281400 ms CreateObjectMapping: 0.239200 ms MarkObjects: 2.005300 ms  DeleteObjects: 0.089100 ms)

========================================================================
Received Import Request.
  path: Assets/Scripts/Molecule.cs
  artifactKey: Guid(d33c02c77c2b4af3aafabb1a0e8f7a9f) Importer(815301076,1909f56bfc062723c751e8b465ee728b)
Start importing Assets/Scripts/Molecule.cs using Guid(d33c02c77c2b4af3aafabb1a0e8f7a9f) Importer(815301076,1909f56bfc062723c751e8b465ee728b)  -> (artifact id: '28d4412c20be8454be448ffe9b5099d0') in 0.053146 seconds 
========================================================================
Received Import Request.
  Time since last request: 749.634961 seconds.
  path: Assets/Scripts/Molecule.cs
  artifactKey: Guid(d33c02c77c2b4af3aafabb1a0e8f7a9f) Importer(815301076,1909f56bfc062723c751e8b465ee728b)
Start importing Assets/Scripts/Molecule.cs using Guid(d33c02c77c2b4af3aafabb1a0e8f7a9f) Importer(815301076,1909f56bfc062723c751e8b465ee728b)  -> (artifact id: 'c8785111ac45ec9cfa6f13a2130fb8b6') in 0.003890 seconds 
AssetImportWorkerClient::OnTransportError - code=2 error=End of file
